2004.07.12 12:44 B G:\Websites\Whiteroom\pics\controlroomlongshotBIG.jpg --> members.optusnet.com.au /pics controlroomlongshotBIG.jpg
2004.07.12 12:44 B G:\Websites\Whiteroom\pics\controlroomlongshotTHUMB.jpg --> members.optusnet.com.au /pics controlroomlongshotTHUMB.jpg
2004.07.12 12:45 B G:\Websites\Whiteroom\pics\controlroomwideBIG.jpg --> members.optusnet.com.au /pics controlroomwideBIG.jpg
2004.07.12 12:45 B G:\Websites\Whiteroom\pics\controlroomwideTHUMB.jpg --> members.optusnet.com.au /pics controlroomwideTHUMB.jpg
2004.07.12 12:45 B G:\Websites\Whiteroom\pics\couch2BIG.jpg --> members.optusnet.com.au /pics couch2BIG.jpg
2004.07.12 12:45 B G:\Websites\Whiteroom\pics\couch2THUMB.jpg --> members.optusnet.com.au /pics couch2THUMB.jpg
2004.07.12 12:45 B G:\Websites\Whiteroom\pics\couchBIG.jpg --> members.optusnet.com.au /pics couchBIG.jpg
2004.07.12 12:45 B G:\Websites\Whiteroom\pics\couchTHUMB.jpg --> members.optusnet.com.au /pics couchTHUMB.jpg
2004.07.12 12:46 B G:\Websites\Whiteroom\pics\deck2BIG.jpg --> members.optusnet.com.au /pics deck2BIG.jpg
2004.07.12 12:46 B G:\Websites\Whiteroom\pics\deck2THUMB.jpg --> members.optusnet.com.au /pics deck2THUMB.jpg
2004.07.12 12:46 B G:\Websites\Whiteroom\pics\deckBIG.jpg --> members.optusnet.com.au /pics deckBIG.jpg
2004.07.12 12:46 B G:\Websites\Whiteroom\pics\deckTHUMB.jpg --> members.optusnet.com.au /pics deckTHUMB.jpg
2004.07.12 12:47 B G:\Websites\Whiteroom\pics\liveroom1BIG.jpg --> members.optusnet.com.au /pics liveroom1BIG.jpg
2004.07.12 12:47 B G:\Websites\Whiteroom\pics\liveroom1THUMB.jpg --> members.optusnet.com.au /pics liveroom1THUMB.jpg
2004.07.12 12:47 B G:\Websites\Whiteroom\pics\liveroom2BIG.jpg --> members.optusnet.com.au /pics liveroom2BIG.jpg
2004.07.12 12:47 B G:\Websites\Whiteroom\pics\liveroom2THUMB.jpg --> members.optusnet.com.au /pics liveroom2THUMB.jpg
2004.07.12 12:47 B G:\Websites\Whiteroom\pics\liveroom3BIG.jpg --> members.optusnet.com.au /pics liveroom3BIG.jpg
2004.07.12 12:48 B G:\Websites\Whiteroom\pics\liveroom3THUMB.jpg --> members.optusnet.com.au /pics liveroom3THUMB.jpg
2004.07.12 12:48 B G:\Websites\Whiteroom\pics\rackcloseupBIG.jpg --> members.optusnet.com.au /pics rackcloseupBIG.jpg
2004.07.12 12:48 B G:\Websites\Whiteroom\pics\rackcloseupTHUMB.jpg --> members.optusnet.com.au /pics rackcloseupTHUMB.jpg
2004.07.12 12:48 B G:\Websites\Whiteroom\pics\studiodesk2.jpg --> members.optusnet.com.au /pics studiodesk2.jpg
2004.07.12 12:49 B G:\Websites\Whiteroom\pics\Thumbs.db --> members.optusnet.com.au /pics Thumbs.db
2004.07.12 12:50 B G:\Websites\Whiteroom\pics\trees1BIG.jpg --> members.optusnet.com.au /pics trees1BIG.jpg
2004.07.12 12:50 B G:\Websites\Whiteroom\pics\trees1THUMB.jpg --> members.optusnet.com.au /pics trees1THUMB.jpg
2004.07.12 12:50 B G:\Websites\Whiteroom\pics\trees2BIG.jpg --> members.optusnet.com.au /pics trees2BIG.jpg
2004.07.12 12:50 B G:\Websites\Whiteroom\pics\trees2THUMB.jpg --> members.optusnet.com.au /pics trees2THUMB.jpg
2004.07.12 12:50 B G:\Websites\Whiteroom\pics\whiteroomlogo.gif --> members.optusnet.com.au /pics whiteroomlogo.gif
2004.07.12 12:50 B G:\Websites\Whiteroom\pics\whiteroomlogo.jpg --> members.optusnet.com.au /pics whiteroomlogo.jpg
